<?xml version="1.0" encoding="UTF-8"?>
<testsuite xmlns:xsi="http://www.w3.org/2001/XMLSchema-instance" xsi:noNamespaceSchemaLocation="https://maven.apache.org/surefire/maven-surefire-plugin/xsd/surefire-test-report.xsd" name="fizzbuzz.FizzBuzzTest" time="0.048" tests="4" errors="0" skipped="0" failures="0">
  <properties>
[...]
</properties>
  <testcase name="testBuzz" classname="fizzbuzz.FizzBuzzTest" time="0.033"/>
  <testcase name="testFizz" classname="fizzbuzz.FizzBuzzTest" time="0"/>
  <testcase name="testFizzBuzz" classname="fizzbuzz.FizzBuzzTest" time="0.002"/>
  <testcase name="testNumber" classname="fizzbuzz.FizzBuzzTest" time="0.002"/>
</testsuite>